<?xml version="1.0" encoding="utf-8"?><testsuites name="pytest tests"><testsuite name="pytest" errors="0" failures="0" skipped="0" tests="19" time="4.585" timestamp="2026-06-09T18:22:54.900202+00:00" hostname="agent-env-95b9cf78-c65a-4dc9-9a48-e066b9c03534"><testcase classname="backend.tests.backend_test.TestAuth" name="test_owner_login" time="0.425" /><testcase classname="backend.tests.backend_test.TestAuth" name="test_staff_login" time="0.387" /><testcase classname="backend.tests.backend_test.TestAuth" name="test_invalid_login" time="0.368" /><testcase classname="backend.tests.backend_test.TestAuth" name="test_me_with_bearer" time="0.584" /><testcase classname="backend.tests.backend_test.TestAuth" name="test_me_no_auth" time="0.115" /><testcase classname="backend.tests.backend_test.TestRBAC" name="test_staff_cannot_post_payout" time="0.629" /><testcase classname="backend.tests.backend_test.TestDashboard" name="test_dashboard_week" time="0.156" /><testcase classname="backend.tests.backend_test.TestConsignors" name="test_list" time="0.108" /><testcase classname="backend.tests.backend_test.TestConsignors" name="test_get_ee_001" time="0.115" /><testcase classname="backend.tests.backend_test.TestConsignors" name="test_create_consignor" time="0.156" /><testcase classname="backend.tests.backend_test.TestConsignors" name="test_inventory_batch_create" time="0.140" /><testcase classname="backend.tests.backend_test.TestSales" name="test_create_sale_5050" time="0.257" /><testcase classname="backend.tests.backend_test.TestPayouts" name="test_queue" time="0.127" /><testcase classname="backend.tests.backend_test.TestPayouts" name="test_overpay_returns_400" time="0.204" /><testcase classname="backend.tests.backend_test.TestPayouts" name="test_pay_valid_amount" time="0.210" /><testcase classname="backend.tests.backend_test.TestAnalytics" name="test_analytics_month" time="0.126" /><testcase classname="backend.tests.backend_test.TestSquare" name="test_square_status_not_configured" time="0.118" /><testcase classname="backend.tests.backend_test.TestSquare" name="test_square_sync_blocked" time="0.149" /><testcase classname="backend.tests.backend_test.TestInventoryExpiry" name="test_expired_present" time="0.105" /></testsuite></testsuites>